<?xml version='1.0' encoding='UTF-8'?>
<testsuite hostname="UALC02Q6HR7G8WN.underarmour.com" name="com.lightbend.training.coffeehouse.CoffeeHouseSpec" tests="13" errors="0" failures="0" skipped="0" time="0.817" timestamp="2020-04-05T22:54:02">
                     <properties>
[...]
</properties>
                     <testcase classname="com.lightbend.training.coffeehouse.CoffeeHouseSpec" name="Creating CoffeeHouse should result in logging a status message at debug" time="0.123">
                                                 
                                               </testcase><testcase classname="com.lightbend.training.coffeehouse.CoffeeHouseSpec" name="Creating CoffeeHouse should result in creating a child actor with the name 'barista'" time="0.052">
                                                 
                                               </testcase><testcase classname="com.lightbend.training.coffeehouse.CoffeeHouseSpec" name="Creating CoffeeHouse should result in creating a child actor with the name 'waiter'" time="0.013">
                                                 
                                               </testcase><testcase classname="com.lightbend.training.coffeehouse.CoffeeHouseSpec" name="Sending CreateGuest to CoffeeHouse should result in creating a Guest" time="0.021">
                                                 
                                               </testcase><testcase classname="com.lightbend.training.coffeehouse.CoffeeHouseSpec" name="Sending CreateGuest to CoffeeHouse should result in logging status guest added to guest book" time="0.107">
                                                 
                                               </testcase><testcase classname="com.lightbend.training.coffeehouse.CoffeeHouseSpec" name="Sending ApproveCoffee to CoffeeHouse should result in forwarding PrepareCoffee to Barista if caffeineLimit not yet reached" time="0.031">
                                                 
                                               </testcase><testcase classname="com.lightbend.training.coffeehouse.CoffeeHouseSpec" name="Sending ApproveCoffee to CoffeeHouse should result in Barista sending a CoffeePrepared to Waiter if caffeineLimit not yet reached" time="0.027">
                                                 
                                               </testcase><testcase classname="com.lightbend.training.coffeehouse.CoffeeHouseSpec" name="Sending ApproveCoffee to CoffeeHouse should result in logging status guest caffeine count incremented" time="0.118">
                                                 
                                               </testcase><testcase classname="com.lightbend.training.coffeehouse.CoffeeHouseSpec" name="Sending ApproveCoffee to CoffeeHouse should result in logging a status message at info if caffeineLimit reached" time="0.118">
                                                 
                                               </testcase><testcase classname="com.lightbend.training.coffeehouse.CoffeeHouseSpec" name="Sending ApproveCoffee to CoffeeHouse should result in stopping the Guest if caffeineLimit reached" time="0.031">
                                                 
                                               </testcase><testcase classname="com.lightbend.training.coffeehouse.CoffeeHouseSpec" name="On termination of Guest, CoffeeHouse should result in logging a thanks message at info" time="0.12">
                                                 
                                               </testcase><testcase classname="com.lightbend.training.coffeehouse.CoffeeHouseSpec" name="On failure of Guest CoffeeHouse should stop it" time="0.026">
                                                 
                                               </testcase><testcase classname="com.lightbend.training.coffeehouse.CoffeeHouseSpec" name="On failure of Waiter CoffeeHouse should restart it and resend PrepareCoffee to Barista" time="0.03">
                                                 
                                               </testcase>
                     <system-out><![CDATA[]]></system-out>
                     <system-err><![CDATA[]]></system-err>
                   </testsuite>